
2014/09/25 08:30:00:::::::::>
D:\xampp\htdocs\app\services\api.php:line(26)
D:\xampp\htdocs\app\services\api.php:line(18)
D:\xampp\htdocs\app\services\api.php:line(246)
FUNC[dbConnect]
2014/09/25 08:30:00:::::::::>
D:\xampp\htdocs\app\services\api.php:line(39)
D:\xampp\htdocs\app\services\api.php:line(247)
FUNC[processApi]----------->>>>>>>>>
2014/09/25 08:30:00:::::::::>
D:\xampp\htdocs\app\services\api.php:line(56)
D:\xampp\htdocs\app\services\api.php:line(247)
FUNC[processApi] category : Array
(
    [_method] => GET
    [_category] => /content/task
)

2014/09/25 08:30:00:::::::::>
D:\xampp\htdocs\app\services\api.php:line(57)
D:\xampp\htdocs\app\services\api.php:line(247)
FUNC[processApi] category.cnt : 3
2014/09/25 08:30:00:::::::::>
D:\xampp\htdocs\app\services\api.php:line(62)
D:\xampp\htdocs\app\services\api.php:line(247)
FUNC[processApi] REQUEST_METHOD : GET
2014/09/25 08:30:00:::::::::>
D:\xampp\htdocs\app\services\api.php:line(71)
D:\xampp\htdocs\app\services\api.php:line(247)
FUNC[processApi] 2 : content
2014/09/25 08:30:00:::::::::>
D:\xampp\htdocs\app\services\api.php:line(124)
D:\xampp\htdocs\app\services\api.php:line(73)
D:\xampp\htdocs\app\services\api.php:line(247)
FUNC[processApi] 2 ::::::::::S 
2014/09/25 08:30:00:::::::::>
D:\xampp\htdocs\app\services\api.php:line(129)
D:\xampp\htdocs\app\services\api.php:line(73)
D:\xampp\htdocs\app\services\api.php:line(247)
FUNC[processApi] 2 ::::::::::S 
2014/09/25 08:30:00:::::::::>
D:\xampp\htdocs\app\services\api.php:line(132)
D:\xampp\htdocs\app\services\api.php:line(73)
D:\xampp\htdocs\app\services\api.php:line(247)
FUNC[processApi] 2 ::::::::::S 
2014/09/25 08:30:27:::::::::>
D:\xampp\htdocs\app\services\api.php:line(26)
D:\xampp\htdocs\app\services\api.php:line(18)
D:\xampp\htdocs\app\services\api.php:line(246)
FUNC[dbConnect]
2014/09/25 08:30:27:::::::::>
D:\xampp\htdocs\app\services\api.php:line(39)
D:\xampp\htdocs\app\services\api.php:line(247)
FUNC[processApi]----------->>>>>>>>>
2014/09/25 08:30:27:::::::::>
D:\xampp\htdocs\app\services\api.php:line(56)
D:\xampp\htdocs\app\services\api.php:line(247)
FUNC[processApi] category : Array
(
    [_method] => GET
    [_category] => /content/task
)

2014/09/25 08:30:27:::::::::>
D:\xampp\htdocs\app\services\api.php:line(57)
D:\xampp\htdocs\app\services\api.php:line(247)
FUNC[processApi] category.cnt : 3
2014/09/25 08:30:27:::::::::>
D:\xampp\htdocs\app\services\api.php:line(62)
D:\xampp\htdocs\app\services\api.php:line(247)
FUNC[processApi] REQUEST_METHOD : GET
2014/09/25 08:30:27:::::::::>
D:\xampp\htdocs\app\services\api.php:line(71)
D:\xampp\htdocs\app\services\api.php:line(247)
FUNC[processApi] 2 : content
2014/09/25 08:30:27:::::::::>
D:\xampp\htdocs\app\services\api.php:line(124)
D:\xampp\htdocs\app\services\api.php:line(73)
D:\xampp\htdocs\app\services\api.php:line(247)
FUNC[processApi] 2 ::::::::::S 
2014/09/25 08:30:27:::::::::>
D:\xampp\htdocs\app\services\api.php:line(129)
D:\xampp\htdocs\app\services\api.php:line(73)
D:\xampp\htdocs\app\services\api.php:line(247)
FUNC[processApi] 2 ::::::::::S 
2014/09/25 08:30:27:::::::::>
D:\xampp\htdocs\app\services\api.php:line(132)
D:\xampp\htdocs\app\services\api.php:line(73)
D:\xampp\htdocs\app\services\api.php:line(247)
FUNC[processApi] 2 ::::::::::S 
2014/09/25 08:35:00:::::::::>
D:\xampp\htdocs\app\services\api.php:line(26)
D:\xampp\htdocs\app\services\api.php:line(18)
D:\xampp\htdocs\app\services\api.php:line(246)
FUNC[dbConnect]
2014/09/25 08:35:00:::::::::>
D:\xampp\htdocs\app\services\api.php:line(39)
D:\xampp\htdocs\app\services\api.php:line(247)
FUNC[processApi]----------->>>>>>>>>
2014/09/25 08:35:00:::::::::>
D:\xampp\htdocs\app\services\api.php:line(56)
D:\xampp\htdocs\app\services\api.php:line(247)
FUNC[processApi] category : Array
(
    [_method] => GET
    [_category] => /content/task
)

2014/09/25 08:35:00:::::::::>
D:\xampp\htdocs\app\services\api.php:line(57)
D:\xampp\htdocs\app\services\api.php:line(247)
FUNC[processApi] category.cnt : 3
2014/09/25 08:35:00:::::::::>
D:\xampp\htdocs\app\services\api.php:line(62)
D:\xampp\htdocs\app\services\api.php:line(247)
FUNC[processApi] REQUEST_METHOD : GET
2014/09/25 08:35:00:::::::::>
D:\xampp\htdocs\app\services\api.php:line(71)
D:\xampp\htdocs\app\services\api.php:line(247)
FUNC[processApi] 2 : content
2014/09/25 08:35:00:::::::::>
D:\xampp\htdocs\app\services\api.php:line(124)
D:\xampp\htdocs\app\services\api.php:line(73)
D:\xampp\htdocs\app\services\api.php:line(247)
FUNC[processApi] 2 ::::::::::S 
2014/09/25 08:35:00:::::::::>
D:\xampp\htdocs\app\services\api.php:line(129)
D:\xampp\htdocs\app\services\api.php:line(73)
D:\xampp\htdocs\app\services\api.php:line(247)
FUNC[processApi] 2 ::::::::::S 
2014/09/25 08:35:00:::::::::>
D:\xampp\htdocs\app\services\api.php:line(132)
D:\xampp\htdocs\app\services\api.php:line(73)
D:\xampp\htdocs\app\services\api.php:line(247)
FUNC[processApi] 2 ::::::::::S 
2014/09/25 08:35:51:::::::::>
D:\xampp\htdocs\app\services\api.php:line(26)
D:\xampp\htdocs\app\services\api.php:line(18)
D:\xampp\htdocs\app\services\api.php:line(246)
FUNC[dbConnect]
2014/09/25 08:35:51:::::::::>
D:\xampp\htdocs\app\services\api.php:line(39)
D:\xampp\htdocs\app\services\api.php:line(247)
FUNC[processApi]----------->>>>>>>>>
2014/09/25 08:35:51:::::::::>
D:\xampp\htdocs\app\services\api.php:line(56)
D:\xampp\htdocs\app\services\api.php:line(247)
FUNC[processApi] category : Array
(
    [_method] => GET
    [_category] => /content/task
)

2014/09/25 08:35:51:::::::::>
D:\xampp\htdocs\app\services\api.php:line(57)
D:\xampp\htdocs\app\services\api.php:line(247)
FUNC[processApi] category.cnt : 3
2014/09/25 08:35:51:::::::::>
D:\xampp\htdocs\app\services\api.php:line(62)
D:\xampp\htdocs\app\services\api.php:line(247)
FUNC[processApi] REQUEST_METHOD : GET
2014/09/25 08:35:51:::::::::>
D:\xampp\htdocs\app\services\api.php:line(71)
D:\xampp\htdocs\app\services\api.php:line(247)
FUNC[processApi] 2 : content
2014/09/25 08:35:51:::::::::>
D:\xampp\htdocs\app\services\api.php:line(124)
D:\xampp\htdocs\app\services\api.php:line(73)
D:\xampp\htdocs\app\services\api.php:line(247)
FUNC[processApi] 2 ::::::::::S 
2014/09/25 08:35:51:::::::::>
D:\xampp\htdocs\app\services\api.php:line(129)
D:\xampp\htdocs\app\services\api.php:line(73)
D:\xampp\htdocs\app\services\api.php:line(247)
FUNC[processApi] 2 ::::::::::S 
2014/09/25 08:35:51:::::::::>
D:\xampp\htdocs\app\services\api.php:line(132)
D:\xampp\htdocs\app\services\api.php:line(73)
D:\xampp\htdocs\app\services\api.php:line(247)
FUNC[processApi] 2 ::::::::::S 
2014/09/25 09:42:02:::::::::>
D:\xampp\htdocs\app\services\api.php:line(26)
D:\xampp\htdocs\app\services\api.php:line(18)
D:\xampp\htdocs\app\services\api.php:line(246)
FUNC[dbConnect]
2014/09/25 09:42:02:::::::::>
D:\xampp\htdocs\app\services\api.php:line(39)
D:\xampp\htdocs\app\services\api.php:line(247)
FUNC[processApi]----------->>>>>>>>>
2014/09/25 09:42:02:::::::::>
D:\xampp\htdocs\app\services\api.php:line(56)
D:\xampp\htdocs\app\services\api.php:line(247)
FUNC[processApi] category : Array
(
    [_method] => GET
    [_category] => content/task
    [{"id":"bar"}] => 
)

2014/09/25 09:42:02:::::::::>
D:\xampp\htdocs\app\services\api.php:line(57)
D:\xampp\htdocs\app\services\api.php:line(247)
FUNC[processApi] category.cnt : 2
2014/09/25 09:42:02:::::::::>
D:\xampp\htdocs\app\services\api.php:line(62)
D:\xampp\htdocs\app\services\api.php:line(247)
FUNC[processApi] REQUEST_METHOD : GET
2014/09/25 09:42:02:::::::::>
D:\xampp\htdocs\app\services\api.php:line(71)
D:\xampp\htdocs\app\services\api.php:line(247)
FUNC[processApi] 2 : task
2014/09/25 09:45:13:::::::::>
D:\xampp\htdocs\app\services\api.php:line(26)
D:\xampp\htdocs\app\services\api.php:line(18)
D:\xampp\htdocs\app\services\api.php:line(246)
FUNC[dbConnect]
2014/09/25 09:45:13:::::::::>
D:\xampp\htdocs\app\services\api.php:line(39)
D:\xampp\htdocs\app\services\api.php:line(247)
FUNC[processApi]----------->>>>>>>>>
2014/09/25 09:45:13:::::::::>
D:\xampp\htdocs\app\services\api.php:line(56)
D:\xampp\htdocs\app\services\api.php:line(247)
FUNC[processApi] category : Array
(
    [_method] => GET
    [_category] => content/task
    [{"id":"bar"}] => 
)

2014/09/25 09:45:13:::::::::>
D:\xampp\htdocs\app\services\api.php:line(57)
D:\xampp\htdocs\app\services\api.php:line(247)
FUNC[processApi] category.cnt : 2
2014/09/25 09:45:13:::::::::>
D:\xampp\htdocs\app\services\api.php:line(62)
D:\xampp\htdocs\app\services\api.php:line(247)
FUNC[processApi] REQUEST_METHOD : GET
2014/09/25 09:45:13:::::::::>
D:\xampp\htdocs\app\services\api.php:line(71)
D:\xampp\htdocs\app\services\api.php:line(247)
FUNC[processApi] 2 : task
2014/09/25 09:45:55:::::::::>
D:\xampp\htdocs\app\services\api.php:line(26)
D:\xampp\htdocs\app\services\api.php:line(18)
D:\xampp\htdocs\app\services\api.php:line(246)
FUNC[dbConnect]
2014/09/25 09:45:55:::::::::>
D:\xampp\htdocs\app\services\api.php:line(39)
D:\xampp\htdocs\app\services\api.php:line(247)
FUNC[processApi]----------->>>>>>>>>
2014/09/25 09:45:55:::::::::>
D:\xampp\htdocs\app\services\api.php:line(56)
D:\xampp\htdocs\app\services\api.php:line(247)
FUNC[processApi] category : Array
(
    [_method] => GET
    [_category] => content/task
    [{"id":"bar"}] => 
)

2014/09/25 09:45:55:::::::::>
D:\xampp\htdocs\app\services\api.php:line(57)
D:\xampp\htdocs\app\services\api.php:line(247)
FUNC[processApi] category.cnt : 2
2014/09/25 09:45:55:::::::::>
D:\xampp\htdocs\app\services\api.php:line(62)
D:\xampp\htdocs\app\services\api.php:line(247)
FUNC[processApi] REQUEST_METHOD : GET
2014/09/25 09:45:55:::::::::>
D:\xampp\htdocs\app\services\api.php:line(71)
D:\xampp\htdocs\app\services\api.php:line(247)
FUNC[processApi] 2 : task
2014/09/25 09:47:46:::::::::>
D:\xampp\htdocs\app\services\api.php:line(26)
D:\xampp\htdocs\app\services\api.php:line(18)
D:\xampp\htdocs\app\services\api.php:line(246)
FUNC[dbConnect]
2014/09/25 09:47:46:::::::::>
D:\xampp\htdocs\app\services\api.php:line(39)
D:\xampp\htdocs\app\services\api.php:line(247)
FUNC[processApi]----------->>>>>>>>>
2014/09/25 09:47:46:::::::::>
D:\xampp\htdocs\app\services\api.php:line(56)
D:\xampp\htdocs\app\services\api.php:line(247)
FUNC[processApi] category : Array
(
    [_method] => GET
    [_category] => /content/task
    [{"id":"bar"}] => 
)

2014/09/25 09:47:46:::::::::>
D:\xampp\htdocs\app\services\api.php:line(57)
D:\xampp\htdocs\app\services\api.php:line(247)
FUNC[processApi] category.cnt : 3
2014/09/25 09:47:46:::::::::>
D:\xampp\htdocs\app\services\api.php:line(62)
D:\xampp\htdocs\app\services\api.php:line(247)
FUNC[processApi] REQUEST_METHOD : GET
2014/09/25 09:47:46:::::::::>
D:\xampp\htdocs\app\services\api.php:line(71)
D:\xampp\htdocs\app\services\api.php:line(247)
FUNC[processApi] 2 : content
2014/09/25 09:47:46:::::::::>
D:\xampp\htdocs\app\services\api.php:line(124)
D:\xampp\htdocs\app\services\api.php:line(73)
D:\xampp\htdocs\app\services\api.php:line(247)
FUNC[processApi] 2 ::::::::::S 
2014/09/25 09:47:46:::::::::>
D:\xampp\htdocs\app\services\api.php:line(129)
D:\xampp\htdocs\app\services\api.php:line(73)
D:\xampp\htdocs\app\services\api.php:line(247)
FUNC[processApi] 2 ::::::::::S 
2014/09/25 09:47:46:::::::::>
D:\xampp\htdocs\app\services\api.php:line(132)
D:\xampp\htdocs\app\services\api.php:line(73)
D:\xampp\htdocs\app\services\api.php:line(247)
FUNC[processApi] 2 ::::::::::S 
2014/09/25 09:48:53:::::::::>
D:\xampp\htdocs\app\services\api.php:line(26)
D:\xampp\htdocs\app\services\api.php:line(18)
D:\xampp\htdocs\app\services\api.php:line(246)
FUNC[dbConnect]
2014/09/25 09:48:53:::::::::>
D:\xampp\htdocs\app\services\api.php:line(39)
D:\xampp\htdocs\app\services\api.php:line(247)
FUNC[processApi]----------->>>>>>>>>
2014/09/25 09:48:53:::::::::>
D:\xampp\htdocs\app\services\api.php:line(56)
D:\xampp\htdocs\app\services\api.php:line(247)
FUNC[processApi] category : Array
(
    [_method] => GET
    [_category] => /content/task
    [{"id":"bar"}] => 
)

2014/09/25 09:48:53:::::::::>
D:\xampp\htdocs\app\services\api.php:line(57)
D:\xampp\htdocs\app\services\api.php:line(247)
FUNC[processApi] category.cnt : 3
2014/09/25 09:48:53:::::::::>
D:\xampp\htdocs\app\services\api.php:line(62)
D:\xampp\htdocs\app\services\api.php:line(247)
FUNC[processApi] REQUEST_METHOD : GET
2014/09/25 09:48:53:::::::::>
D:\xampp\htdocs\app\services\api.php:line(71)
D:\xampp\htdocs\app\services\api.php:line(247)
FUNC[processApi] 2 : content
2014/09/25 09:48:53:::::::::>
D:\xampp\htdocs\app\services\api.php:line(124)
D:\xampp\htdocs\app\services\api.php:line(73)
D:\xampp\htdocs\app\services\api.php:line(247)
FUNC[processApi] 2 ::::::::::S 
2014/09/25 09:48:53:::::::::>
D:\xampp\htdocs\app\services\api.php:line(129)
D:\xampp\htdocs\app\services\api.php:line(73)
D:\xampp\htdocs\app\services\api.php:line(247)
FUNC[processApi] 2 ::::::::::S 
2014/09/25 09:48:53:::::::::>
D:\xampp\htdocs\app\services\api.php:line(132)
D:\xampp\htdocs\app\services\api.php:line(73)
D:\xampp\htdocs\app\services\api.php:line(247)
FUNC[processApi] 2 ::::::::::S 
2014/09/25 09:49:04:::::::::>
D:\xampp\htdocs\app\services\api.php:line(26)
D:\xampp\htdocs\app\services\api.php:line(18)
D:\xampp\htdocs\app\services\api.php:line(246)
FUNC[dbConnect]
2014/09/25 09:49:04:::::::::>
D:\xampp\htdocs\app\services\api.php:line(39)
D:\xampp\htdocs\app\services\api.php:line(247)
FUNC[processApi]----------->>>>>>>>>
2014/09/25 09:49:04:::::::::>
D:\xampp\htdocs\app\services\api.php:line(56)
D:\xampp\htdocs\app\services\api.php:line(247)
FUNC[processApi] category : Array
(
    [_method] => GET
    [_category] => /content/task
    [{"id":"bar"}] => 
)

2014/09/25 09:49:04:::::::::>
D:\xampp\htdocs\app\services\api.php:line(57)
D:\xampp\htdocs\app\services\api.php:line(247)
FUNC[processApi] category.cnt : 3
2014/09/25 09:49:04:::::::::>
D:\xampp\htdocs\app\services\api.php:line(62)
D:\xampp\htdocs\app\services\api.php:line(247)
FUNC[processApi] REQUEST_METHOD : GET
2014/09/25 09:49:04:::::::::>
D:\xampp\htdocs\app\services\api.php:line(71)
D:\xampp\htdocs\app\services\api.php:line(247)
FUNC[processApi] 2 : content
2014/09/25 09:49:04:::::::::>
D:\xampp\htdocs\app\services\api.php:line(124)
D:\xampp\htdocs\app\services\api.php:line(73)
D:\xampp\htdocs\app\services\api.php:line(247)
FUNC[processApi] 2 ::::::::::S 
2014/09/25 09:49:04:::::::::>
D:\xampp\htdocs\app\services\api.php:line(129)
D:\xampp\htdocs\app\services\api.php:line(73)
D:\xampp\htdocs\app\services\api.php:line(247)
FUNC[processApi] 2 ::::::::::S 
2014/09/25 09:49:04:::::::::>
D:\xampp\htdocs\app\services\api.php:line(132)
D:\xampp\htdocs\app\services\api.php:line(73)
D:\xampp\htdocs\app\services\api.php:line(247)
FUNC[processApi] 2 ::::::::::S 
2014/09/25 09:49:51:::::::::>
D:\xampp\htdocs\app\services\api.php:line(26)
D:\xampp\htdocs\app\services\api.php:line(18)
D:\xampp\htdocs\app\services\api.php:line(246)
FUNC[dbConnect]
2014/09/25 09:49:51:::::::::>
D:\xampp\htdocs\app\services\api.php:line(39)
D:\xampp\htdocs\app\services\api.php:line(247)
FUNC[processApi]----------->>>>>>>>>
2014/09/25 09:49:51:::::::::>
D:\xampp\htdocs\app\services\api.php:line(56)
D:\xampp\htdocs\app\services\api.php:line(247)
FUNC[processApi] category : Array
(
    [_method] => GET
    [_category] => /content/task
    [{"id":"bar"}] => 
)

2014/09/25 09:49:51:::::::::>
D:\xampp\htdocs\app\services\api.php:line(57)
D:\xampp\htdocs\app\services\api.php:line(247)
FUNC[processApi] category.cnt : 3
2014/09/25 09:49:51:::::::::>
D:\xampp\htdocs\app\services\api.php:line(62)
D:\xampp\htdocs\app\services\api.php:line(247)
FUNC[processApi] REQUEST_METHOD : GET
2014/09/25 09:49:51:::::::::>
D:\xampp\htdocs\app\services\api.php:line(71)
D:\xampp\htdocs\app\services\api.php:line(247)
FUNC[processApi] 2 : content
2014/09/25 09:49:51:::::::::>
D:\xampp\htdocs\app\services\api.php:line(124)
D:\xampp\htdocs\app\services\api.php:line(73)
D:\xampp\htdocs\app\services\api.php:line(247)
FUNC[processApi] 2 ::::::::::S 
2014/09/25 09:49:51:::::::::>
D:\xampp\htdocs\app\services\api.php:line(129)
D:\xampp\htdocs\app\services\api.php:line(73)
D:\xampp\htdocs\app\services\api.php:line(247)
FUNC[processApi] 2 ::::::::::S 
2014/09/25 09:49:51:::::::::>
D:\xampp\htdocs\app\services\api.php:line(132)
D:\xampp\htdocs\app\services\api.php:line(73)
D:\xampp\htdocs\app\services\api.php:line(247)
FUNC[processApi] 2 ::::::::::S 
2014/09/25 09:49:58:::::::::>
D:\xampp\htdocs\app\services\api.php:line(26)
D:\xampp\htdocs\app\services\api.php:line(18)
D:\xampp\htdocs\app\services\api.php:line(246)
FUNC[dbConnect]
2014/09/25 09:49:58:::::::::>
D:\xampp\htdocs\app\services\api.php:line(39)
D:\xampp\htdocs\app\services\api.php:line(247)
FUNC[processApi]----------->>>>>>>>>
2014/09/25 09:49:58:::::::::>
D:\xampp\htdocs\app\services\api.php:line(56)
D:\xampp\htdocs\app\services\api.php:line(247)
FUNC[processApi] category : Array
(
    [_method] => GET
    [_category] => /content/task
    [{"id":"bar"}] => 
)

2014/09/25 09:49:58:::::::::>
D:\xampp\htdocs\app\services\api.php:line(57)
D:\xampp\htdocs\app\services\api.php:line(247)
FUNC[processApi] category.cnt : 3
2014/09/25 09:49:58:::::::::>
D:\xampp\htdocs\app\services\api.php:line(62)
D:\xampp\htdocs\app\services\api.php:line(247)
FUNC[processApi] REQUEST_METHOD : GET
2014/09/25 09:49:58:::::::::>
D:\xampp\htdocs\app\services\api.php:line(71)
D:\xampp\htdocs\app\services\api.php:line(247)
FUNC[processApi] 2 : content
2014/09/25 09:49:58:::::::::>
D:\xampp\htdocs\app\services\api.php:line(124)
D:\xampp\htdocs\app\services\api.php:line(73)
D:\xampp\htdocs\app\services\api.php:line(247)
FUNC[processApi] 2 ::::::::::S 
2014/09/25 09:49:58:::::::::>
D:\xampp\htdocs\app\services\api.php:line(129)
D:\xampp\htdocs\app\services\api.php:line(73)
D:\xampp\htdocs\app\services\api.php:line(247)
FUNC[processApi] 2 ::::::::::S 
2014/09/25 09:49:58:::::::::>
D:\xampp\htdocs\app\services\api.php:line(132)
D:\xampp\htdocs\app\services\api.php:line(73)
D:\xampp\htdocs\app\services\api.php:line(247)
FUNC[processApi] 2 ::::::::::S 
2014/09/25 09:50:24:::::::::>
D:\xampp\htdocs\app\services\api.php:line(26)
D:\xampp\htdocs\app\services\api.php:line(18)
D:\xampp\htdocs\app\services\api.php:line(246)
FUNC[dbConnect]
2014/09/25 09:50:24:::::::::>
D:\xampp\htdocs\app\services\api.php:line(39)
D:\xampp\htdocs\app\services\api.php:line(247)
FUNC[processApi]----------->>>>>>>>>
2014/09/25 09:50:24:::::::::>
D:\xampp\htdocs\app\services\api.php:line(56)
D:\xampp\htdocs\app\services\api.php:line(247)
FUNC[processApi] category : Array
(
    [_method] => GET
    [_category] => /content/task
    [{"id":"bar"}] => 
)

2014/09/25 09:50:24:::::::::>
D:\xampp\htdocs\app\services\api.php:line(57)
D:\xampp\htdocs\app\services\api.php:line(247)
FUNC[processApi] category.cnt : 3
2014/09/25 09:50:24:::::::::>
D:\xampp\htdocs\app\services\api.php:line(62)
D:\xampp\htdocs\app\services\api.php:line(247)
FUNC[processApi] REQUEST_METHOD : GET
2014/09/25 09:50:24:::::::::>
D:\xampp\htdocs\app\services\api.php:line(71)
D:\xampp\htdocs\app\services\api.php:line(247)
FUNC[processApi] 2 : content
2014/09/25 09:50:24:::::::::>
D:\xampp\htdocs\app\services\api.php:line(124)
D:\xampp\htdocs\app\services\api.php:line(73)
D:\xampp\htdocs\app\services\api.php:line(247)
FUNC[processApi] 2 ::::::::::S 
2014/09/25 09:50:24:::::::::>
D:\xampp\htdocs\app\services\api.php:line(129)
D:\xampp\htdocs\app\services\api.php:line(73)
D:\xampp\htdocs\app\services\api.php:line(247)
FUNC[processApi] 2 ::::::::::S 
2014/09/25 09:50:24:::::::::>
D:\xampp\htdocs\app\services\api.php:line(132)
D:\xampp\htdocs\app\services\api.php:line(73)
D:\xampp\htdocs\app\services\api.php:line(247)
FUNC[processApi] 2 ::::::::::S 
2014/09/25 10:53:15:::::::::>
D:\xampp\htdocs\app\services\api.php:line(26)
D:\xampp\htdocs\app\services\api.php:line(18)
D:\xampp\htdocs\app\services\api.php:line(246)
FUNC[dbConnect]
2014/09/25 10:53:15:::::::::>
D:\xampp\htdocs\app\services\api.php:line(39)
D:\xampp\htdocs\app\services\api.php:line(247)
FUNC[processApi]----------->>>>>>>>>
2014/09/25 10:53:15:::::::::>
D:\xampp\htdocs\app\services\api.php:line(56)
D:\xampp\htdocs\app\services\api.php:line(247)
FUNC[processApi] category : Array
(
    [_method] => GET
    [_category] => /content/task
)

2014/09/25 10:53:15:::::::::>
D:\xampp\htdocs\app\services\api.php:line(57)
D:\xampp\htdocs\app\services\api.php:line(247)
FUNC[processApi] category.cnt : 3
2014/09/25 10:53:15:::::::::>
D:\xampp\htdocs\app\services\api.php:line(62)
D:\xampp\htdocs\app\services\api.php:line(247)
FUNC[processApi] REQUEST_METHOD : GET
2014/09/25 10:53:15:::::::::>
D:\xampp\htdocs\app\services\api.php:line(71)
D:\xampp\htdocs\app\services\api.php:line(247)
FUNC[processApi] 2 : content
2014/09/25 10:53:15:::::::::>
D:\xampp\htdocs\app\services\api.php:line(124)
D:\xampp\htdocs\app\services\api.php:line(73)
D:\xampp\htdocs\app\services\api.php:line(247)
FUNC[processApi] 2 ::::::::::S 
2014/09/25 10:53:15:::::::::>
D:\xampp\htdocs\app\services\api.php:line(129)
D:\xampp\htdocs\app\services\api.php:line(73)
D:\xampp\htdocs\app\services\api.php:line(247)
FUNC[processApi] 2 ::::::::::S 
2014/09/25 10:53:15:::::::::>
D:\xampp\htdocs\app\services\api.php:line(132)
D:\xampp\htdocs\app\services\api.php:line(73)
D:\xampp\htdocs\app\services\api.php:line(247)
FUNC[processApi] 2 ::::::::::S 
2014/09/25 10:54:12:::::::::>
D:\xampp\htdocs\app\services\api.php:line(26)
D:\xampp\htdocs\app\services\api.php:line(18)
D:\xampp\htdocs\app\services\api.php:line(246)
FUNC[dbConnect]
2014/09/25 10:54:12:::::::::>
D:\xampp\htdocs\app\services\api.php:line(39)
D:\xampp\htdocs\app\services\api.php:line(247)
FUNC[processApi]----------->>>>>>>>>
2014/09/25 10:54:12:::::::::>
D:\xampp\htdocs\app\services\api.php:line(56)
D:\xampp\htdocs\app\services\api.php:line(247)
FUNC[processApi] category : Array
(
    [_method] => GET
    [_category] => /content/task
)

2014/09/25 10:54:12:::::::::>
D:\xampp\htdocs\app\services\api.php:line(57)
D:\xampp\htdocs\app\services\api.php:line(247)
FUNC[processApi] category.cnt : 3
2014/09/25 10:54:12:::::::::>
D:\xampp\htdocs\app\services\api.php:line(62)
D:\xampp\htdocs\app\services\api.php:line(247)
FUNC[processApi] REQUEST_METHOD : GET
2014/09/25 10:54:12:::::::::>
D:\xampp\htdocs\app\services\api.php:line(71)
D:\xampp\htdocs\app\services\api.php:line(247)
FUNC[processApi] 2 : content
2014/09/25 10:54:12:::::::::>
D:\xampp\htdocs\app\services\api.php:line(124)
D:\xampp\htdocs\app\services\api.php:line(73)
D:\xampp\htdocs\app\services\api.php:line(247)
FUNC[processApi] 2 ::::::::::S 
2014/09/25 10:54:12:::::::::>
D:\xampp\htdocs\app\services\api.php:line(129)
D:\xampp\htdocs\app\services\api.php:line(73)
D:\xampp\htdocs\app\services\api.php:line(247)
FUNC[processApi] 2 ::::::::::S 
2014/09/25 10:54:12:::::::::>
D:\xampp\htdocs\app\services\api.php:line(132)
D:\xampp\htdocs\app\services\api.php:line(73)
D:\xampp\htdocs\app\services\api.php:line(247)
FUNC[processApi] 2 ::::::::::S 
2014/09/25 10:54:23:::::::::>
D:\xampp\htdocs\app\services\api.php:line(26)
D:\xampp\htdocs\app\services\api.php:line(18)
D:\xampp\htdocs\app\services\api.php:line(246)
FUNC[dbConnect]
2014/09/25 10:54:23:::::::::>
D:\xampp\htdocs\app\services\api.php:line(39)
D:\xampp\htdocs\app\services\api.php:line(247)
FUNC[processApi]----------->>>>>>>>>
2014/09/25 10:54:23:::::::::>
D:\xampp\htdocs\app\services\api.php:line(56)
D:\xampp\htdocs\app\services\api.php:line(247)
FUNC[processApi] category : Array
(
    [_method] => DELETE
    [_category] => /content/task/edit/2
    [_id] => 2
)

2014/09/25 10:54:23:::::::::>
D:\xampp\htdocs\app\services\api.php:line(57)
D:\xampp\htdocs\app\services\api.php:line(247)
FUNC[processApi] category.cnt : 5
2014/09/25 10:54:23:::::::::>
D:\xampp\htdocs\app\services\api.php:line(62)
D:\xampp\htdocs\app\services\api.php:line(247)
FUNC[processApi] REQUEST_METHOD : GET
2014/09/25 10:54:23:::::::::>
D:\xampp\htdocs\app\services\api.php:line(91)
D:\xampp\htdocs\app\services\api.php:line(247)
FUNC[processApi] 2 ::::::::::S 2
2014/09/25 10:55:16:::::::::>
D:\xampp\htdocs\app\services\api.php:line(26)
D:\xampp\htdocs\app\services\api.php:line(18)
D:\xampp\htdocs\app\services\api.php:line(246)
FUNC[dbConnect]
2014/09/25 10:55:16:::::::::>
D:\xampp\htdocs\app\services\api.php:line(39)
D:\xampp\htdocs\app\services\api.php:line(247)
FUNC[processApi]----------->>>>>>>>>
2014/09/25 10:55:16:::::::::>
D:\xampp\htdocs\app\services\api.php:line(56)
D:\xampp\htdocs\app\services\api.php:line(247)
FUNC[processApi] category : Array
(
    [_method] => GET
    [_category] => /content/task
)

2014/09/25 10:55:16:::::::::>
D:\xampp\htdocs\app\services\api.php:line(57)
D:\xampp\htdocs\app\services\api.php:line(247)
FUNC[processApi] category.cnt : 3
2014/09/25 10:55:16:::::::::>
D:\xampp\htdocs\app\services\api.php:line(62)
D:\xampp\htdocs\app\services\api.php:line(247)
FUNC[processApi] REQUEST_METHOD : GET
2014/09/25 10:55:16:::::::::>
D:\xampp\htdocs\app\services\api.php:line(71)
D:\xampp\htdocs\app\services\api.php:line(247)
FUNC[processApi] 2 : content
2014/09/25 10:55:16:::::::::>
D:\xampp\htdocs\app\services\api.php:line(124)
D:\xampp\htdocs\app\services\api.php:line(73)
D:\xampp\htdocs\app\services\api.php:line(247)
FUNC[processApi] 2 ::::::::::S 
2014/09/25 10:55:16:::::::::>
D:\xampp\htdocs\app\services\api.php:line(129)
D:\xampp\htdocs\app\services\api.php:line(73)
D:\xampp\htdocs\app\services\api.php:line(247)
FUNC[processApi] 2 ::::::::::S 
2014/09/25 10:55:16:::::::::>
D:\xampp\htdocs\app\services\api.php:line(132)
D:\xampp\htdocs\app\services\api.php:line(73)
D:\xampp\htdocs\app\services\api.php:line(247)
FUNC[processApi] 2 ::::::::::S 
2014/09/25 10:58:28:::::::::>
D:\xampp\htdocs\app\services\api.php:line(26)
D:\xampp\htdocs\app\services\api.php:line(18)
D:\xampp\htdocs\app\services\api.php:line(246)
FUNC[dbConnect]
2014/09/25 10:58:28:::::::::>
D:\xampp\htdocs\app\services\api.php:line(39)
D:\xampp\htdocs\app\services\api.php:line(247)
FUNC[processApi]----------->>>>>>>>>
2014/09/25 10:58:28:::::::::>
D:\xampp\htdocs\app\services\api.php:line(56)
D:\xampp\htdocs\app\services\api.php:line(247)
FUNC[processApi] category : Array
(
    [_method] => GET
    [_category] => /content/task
)

2014/09/25 10:58:28:::::::::>
D:\xampp\htdocs\app\services\api.php:line(57)
D:\xampp\htdocs\app\services\api.php:line(247)
FUNC[processApi] category.cnt : 3
2014/09/25 10:58:28:::::::::>
D:\xampp\htdocs\app\services\api.php:line(62)
D:\xampp\htdocs\app\services\api.php:line(247)
FUNC[processApi] REQUEST_METHOD : GET
2014/09/25 10:58:28:::::::::>
D:\xampp\htdocs\app\services\api.php:line(71)
D:\xampp\htdocs\app\services\api.php:line(247)
FUNC[processApi] 2 : content
2014/09/25 10:58:28:::::::::>
D:\xampp\htdocs\app\services\api.php:line(124)
D:\xampp\htdocs\app\services\api.php:line(73)
D:\xampp\htdocs\app\services\api.php:line(247)
FUNC[processApi] 2 ::::::::::S 
2014/09/25 10:58:28:::::::::>
D:\xampp\htdocs\app\services\api.php:line(129)
D:\xampp\htdocs\app\services\api.php:line(73)
D:\xampp\htdocs\app\services\api.php:line(247)
FUNC[processApi] 2 ::::::::::S 
2014/09/25 10:58:28:::::::::>
D:\xampp\htdocs\app\services\api.php:line(132)
D:\xampp\htdocs\app\services\api.php:line(73)
D:\xampp\htdocs\app\services\api.php:line(247)
FUNC[processApi] 2 ::::::::::S 